{"name": "test_search_with_special_symbols_in_to_field", "status": "failed", "statusDetails": {"message": "AssertionError: assert '' == '!@#$%^&*()_+...;:\\'\",.<>/?`~'\n  \n  - !@#$%^&*()_+[]{}|;:'\",.<>/?`~", "trace": "driver = <selenium.webdriver.chrome.webdriver.WebDriver (session=\"0d25467d034b5f3481194b2deba31681\")>\n\n    def test_search_with_special_symbols_in_to_field(driver):\n        page = MainPage(driver)\n        page.open()\n        special_symbols = \"!@#$%^&*()_+[]{}|;:'\\\",.<>/?`~\"\n        page.set_to(special_symbols)\n        page.click_search()\n        # Можно проверить, что поисковая строка содержит спецсимволы\n        to_value = driver.find_element(*page.to_input).get_attribute('value')\n>       assert to_value == special_symbols\nE       assert '' == '!@#$%^&*()_+...;:\\'\",.<>/?`~'\nE         \nE         - !@#$%^&*()_+[]{}|;:'\",.<>/?`~\n\ntest\\test_ui.py:30: AssertionError"}, "start": 1752857039266, "stop": 1752857060121, "uuid": "a516ba55-bf15-4158-ad12-fe1649e5e9ca", "historyId": "b888da3c7fcdd2284d91aad640fa6f44", "testCaseId": "b888da3c7fcdd2284d91aad640fa6f44", "fullName": "test.test_ui#test_search_with_special_symbols_in_to_field", "labels": [{"name": "parentSuite", "value": "test"}, {"name": "suite", "value": "test_ui"}, {"name": "host", "value": "KateNoyt"}, {"name": "thread", "value": "12884-MainThread"}, {"name": "framework", "value": "pytest"}, {"name": "language", "value": "cpython3"}, {"name": "package", "value": "test.test_ui"}]}