{"name": "test_enter_11_digit_phone_number", "status": "broken", "statusDetails": {"message": "selenium.common.exceptions.NoSuchElementException: Message: no such element: Unable to locate element: {\"method\":\"css selector\",\"selector\":\"input[name=\"customer.phone\"]\"}\n  (Session info: chrome=138.0.7204.102); For documentation on this error, please visit: https://www.selenium.dev/documentation/webdriver/troubleshooting/errors#no-such-element-exception\nStacktrace:\n\tGetHandleVerifier [0x0x7ff747abe925+77845]\n\tGetHandleVerifier [0x0x7ff747abe980+77936]\n\t(No symbol) [0x0x7ff747879cda]\n\t(No symbol) [0x0x7ff7478d06aa]\n\t(No symbol) [0x0x7ff7478d095c]\n\t(No symbol) [0x0x7ff747923d07]\n\t(No symbol) [0x0x7ff7478f890f]\n\t(No symbol) [0x0x7ff747920b07]\n\t(No symbol) [0x0x7ff7478f86a3]\n\t(No symbol) [0x0x7ff7478c1791]\n\t(No symbol) [0x0x7ff7478c2523]\n\tGetHandleVerifier [0x0x7ff747d9683d+3059501]\n\tGetHandleVerifier [0x0x7ff747d90bfd+3035885]\n\tGetHandleVerifier [0x0x7ff747db03f0+3164896]\n\tGetHandleVerifier [0x0x7ff747ad8c2e+185118]\n\tGetHandleVerifier [0x0x7ff747ae053f+216111]\n\tGetHandleVerifier [0x0x7ff747ac72d4+113092]\n\tGetHandleVerifier [0x0x7ff747ac7489+113529]\n\tGetHandleVerifier [0x0x7ff747aae288+10616]\n\tBaseThreadInitThunk [0x0x7ffbfb32e8d7+23]\n\tRtlUserThreadStart [0x0x7ffbfd23c34c+44]", "trace": "driver = <selenium.webdriver.chrome.webdriver.WebDriver (session=\"3f01b5162dfb1fe8818321828bdd468a\")>\n\n    def test_enter_11_digit_phone_number(driver):\n        # Открываем страницу бронирования\n        page = BookingPage(driver)\n        page.open()\n    \n        # Вводим 11 цифр\n        phone_number = \"12345678901\"\n>       page.enter_phone_number(phone_number)\n\ntest\\test_ui.py:60: \n_ _ _ _ _ _ _ _ _ _ _ _ _ _ _ _ _ _ _ _ _ _ _ _ _ _ _ _ _ _ _ _ _ _ _ _ _ _ _ _\npage\\BookingPage.py:16: in enter_phone_number\n    phone_field = self.driver.find_element(*self.phone_input)\nC:\\Users\\ekate\\AppData\\Local\\Programs\\Python\\Python313\\Lib\\site-packages\\selenium\\webdriver\\remote\\webdriver.py:914: in find_element\n    return self.execute(Command.FIND_ELEMENT, {\"using\": by, \"value\": value})[\"value\"]\nC:\\Users\\ekate\\AppData\\Local\\Programs\\Python\\Python313\\Lib\\site-packages\\selenium\\webdriver\\remote\\webdriver.py:447: in execute\n    self.error_handler.check_response(response)\n_ _ _ _ _ _ _ _ _ _ _ _ _ _ _ _ _ _ _ _ _ _ _ _ _ _ _ _ _ _ _ _ _ _ _ _ _ _ _ _\n\nself = <selenium.webdriver.remote.errorhandler.ErrorHandler object at 0x0000023EB4087A10>\nresponse = {'status': 404, 'value': '{\"value\":{\"error\":\"no such element\",\"message\":\"no such element: Unable to locate element: {\\...ff747aae288+10616]\\\\n\\\\tBaseThreadInitThunk [0x0x7ffbfb32e8d7+23]\\\\n\\\\tRtlUserThreadStart [0x0x7ffbfd23c34c+44]\\\\n\"}}'}\n\n    def check_response(self, response: Dict[str, Any]) -> None:\n        \"\"\"Checks that a JSON response from the WebDriver does not have an\n        error.\n    \n        :Args:\n         - response - The JSON response from the WebDriver server as a dictionary\n           object.\n    \n        :Raises: If the response contains an error message.\n        \"\"\"\n        status = response.get(\"status\", None)\n        if not status or status == ErrorCode.SUCCESS:\n            return\n        value = None\n        message = response.get(\"message\", \"\")\n        screen: str = response.get(\"screen\", \"\")\n        stacktrace = None\n        if isinstance(status, int):\n            value_json = response.get(\"value\", None)\n            if value_json and isinstance(value_json, str):\n                import json\n    \n                try:\n                    value = json.loads(value_json)\n                    if len(value) == 1:\n                        value = value[\"value\"]\n                    status = value.get(\"error\", None)\n                    if not status:\n                        status = value.get(\"status\", ErrorCode.UNKNOWN_ERROR)\n                        message = value.get(\"value\") or value.get(\"message\")\n                        if not isinstance(message, str):\n                            value = message\n                            message = message.get(\"message\")\n                    else:\n                        message = value.get(\"message\", None)\n                except ValueError:\n                    pass\n    \n        exception_class: Type[WebDriverException]\n        e = ErrorCode()\n        error_codes = [item for item in dir(e) if not item.startswith(\"__\")]\n        for error_code in error_codes:\n            error_info = getattr(ErrorCode, error_code)\n            if isinstance(error_info, list) and status in error_info:\n                exception_class = getattr(ExceptionMapping, error_code, WebDriverException)\n                break\n        else:\n            exception_class = WebDriverException\n    \n        if not value:\n            value = response[\"value\"]\n        if isinstance(value, str):\n            raise exception_class(value)\n        if message == \"\" and \"message\" in value:\n            message = value[\"message\"]\n    \n        screen = None  # type: ignore[assignment]\n        if \"screen\" in value:\n            screen = value[\"screen\"]\n    \n        stacktrace = None\n        st_value = value.get(\"stackTrace\") or value.get(\"stacktrace\")\n        if st_value:\n            if isinstance(st_value, str):\n                stacktrace = st_value.split(\"\\n\")\n            else:\n                stacktrace = []\n                try:\n                    for frame in st_value:\n                        line = frame.get(\"lineNumber\", \"\")\n                        file = frame.get(\"fileName\", \"<anonymous>\")\n                        if line:\n                            file = f\"{file}:{line}\"\n                        meth = frame.get(\"methodName\", \"<anonymous>\")\n                        if \"className\" in frame:\n                            meth = f\"{frame['className']}.{meth}\"\n                        msg = \"    at %s (%s)\"\n                        msg = msg % (meth, file)\n                        stacktrace.append(msg)\n                except TypeError:\n                    pass\n        if exception_class == UnexpectedAlertPresentException:\n            alert_text = None\n            if \"data\" in value:\n                alert_text = value[\"data\"].get(\"text\")\n            elif \"alert\" in value:\n                alert_text = value[\"alert\"].get(\"text\")\n            raise exception_class(message, screen, stacktrace, alert_text)  # type: ignore[call-arg]  # mypy is not smart enough here\n>       raise exception_class(message, screen, stacktrace)\nE       selenium.common.exceptions.NoSuchElementException: Message: no such element: Unable to locate element: {\"method\":\"css selector\",\"selector\":\"input[name=\"customer.phone\"]\"}\nE         (Session info: chrome=138.0.7204.102); For documentation on this error, please visit: https://www.selenium.dev/documentation/webdriver/troubleshooting/errors#no-such-element-exception\nE       Stacktrace:\nE       \tGetHandleVerifier [0x0x7ff747abe925+77845]\nE       \tGetHandleVerifier [0x0x7ff747abe980+77936]\nE       \t(No symbol) [0x0x7ff747879cda]\nE       \t(No symbol) [0x0x7ff7478d06aa]\nE       \t(No symbol) [0x0x7ff7478d095c]\nE       \t(No symbol) [0x0x7ff747923d07]\nE       \t(No symbol) [0x0x7ff7478f890f]\nE       \t(No symbol) [0x0x7ff747920b07]\nE       \t(No symbol) [0x0x7ff7478f86a3]\nE       \t(No symbol) [0x0x7ff7478c1791]\nE       \t(No symbol) [0x0x7ff7478c2523]\nE       \tGetHandleVerifier [0x0x7ff747d9683d+3059501]\nE       \tGetHandleVerifier [0x0x7ff747d90bfd+3035885]\nE       \tGetHandleVerifier [0x0x7ff747db03f0+3164896]\nE       \tGetHandleVerifier [0x0x7ff747ad8c2e+185118]\nE       \tGetHandleVerifier [0x0x7ff747ae053f+216111]\nE       \tGetHandleVerifier [0x0x7ff747ac72d4+113092]\nE       \tGetHandleVerifier [0x0x7ff747ac7489+113529]\nE       \tGetHandleVerifier [0x0x7ff747aae288+10616]\nE       \tBaseThreadInitThunk [0x0x7ffbfb32e8d7+23]\nE       \tRtlUserThreadStart [0x0x7ffbfd23c34c+44]\n\nC:\\Users\\ekate\\AppData\\Local\\Programs\\Python\\Python313\\Lib\\site-packages\\selenium\\webdriver\\remote\\errorhandler.py:232: NoSuchElementException"}, "start": 1752856217174, "stop": 1752856222070, "uuid": "633273ef-82af-490a-b420-e42b69785937", "historyId": "aaecc9fb2f3edfc507c9989ee857c5e4", "testCaseId": "aaecc9fb2f3edfc507c9989ee857c5e4", "fullName": "test.test_ui#test_enter_11_digit_phone_number", "labels": [{"name": "parentSuite", "value": "test"}, {"name": "suite", "value": "test_ui"}, {"name": "host", "value": "KateNoyt"}, {"name": "thread", "value": "22400-MainThread"}, {"name": "framework", "value": "pytest"}, {"name": "language", "value": "cpython3"}, {"name": "package", "value": "test.test_ui"}]}